<?xml version="1.0" encoding="UTF-8"?>
<!-- Generated by org.testng.reporters.JUnitReportReporter -->
<testsuite hostname="DESKTOP-FID91T4" failures="0" tests="1" name="com.testing.test.HomePageTest" time="11.969" errors="0" timestamp="2023-12-22T18:18:53 IST" skipped="0">
  <testcase classname="com.testing.test.HomePageTest" name="homePageTest" time="11.969"/>
  <system-out/>
</testsuite> <!-- com.testing.test.HomePageTest -->
