<?xml version="1.0" encoding="UTF-8"?>
<!-- Generated by org.testng.reporters.JUnitReportReporter -->
<testsuite hostname="DESKTOP-FID91T4" failures="0" tests="2" name="com.testing.test.BusTest" time="24.389" errors="0" timestamp="2023-12-22T17:37:53 IST" skipped="0">
  <testcase classname="com.testing.test.BusTest" name="searchTest" time="15.858"/>
  <system-out/>
  <testcase classname="com.testing.test.BusTest" name="testTitle" time="8.531"/>
  <system-out/>
</testsuite> <!-- com.testing.test.BusTest -->
